{"level":"info","ts":1752071851.4597566,"caller":"cmd/pull.go:11","msg":"Pulling state from remote storage"}
{"level":"info","ts":1752071851.4598527,"caller":"cmd/pull.go:15","msg":"Pull is not allowed, waiting for config change"}
{"level":"warn","ts":1752071851.4610946,"caller":"utils/utils.go:23","msg":"Failed to fetch CDP WebSocket URL, will retry","error":"Get \"http://localhost:9222/json/version\": dial tcp [::1]:9222: connect: connection refused"}
{"level":"warn","ts":1752071851.9621084,"caller":"utils/utils.go:23","msg":"Failed to fetch CDP WebSocket URL, will retry","error":"Get \"http://localhost:9222/json/version\": dial tcp [::1]:9222: connect: connection refused"}
{"level":"warn","ts":1752071852.4633088,"caller":"utils/utils.go:23","msg":"Failed to fetch CDP WebSocket URL, will retry","error":"Get \"http://localhost:9222/json/version\": dial tcp [::1]:9222: connect: connection refused"}
{"level":"warn","ts":1752071852.9642868,"caller":"utils/utils.go:23","msg":"Failed to fetch CDP WebSocket URL, will retry","error":"Get \"http://localhost:9222/json/version\": dial tcp [::1]:9222: connect: connection refused"}
{"level":"warn","ts":1752071853.4654343,"caller":"utils/utils.go:23","msg":"Failed to fetch CDP WebSocket URL, will retry","error":"Get \"http://localhost:9222/json/version\": dial tcp [::1]:9222: connect: connection refused"}
{"level":"warn","ts":1752071853.9666555,"caller":"utils/utils.go:23","msg":"Failed to fetch CDP WebSocket URL, will retry","error":"Get \"http://localhost:9222/json/version\": dial tcp [::1]:9222: connect: connection refused"}
{"level":"warn","ts":1752071854.4678216,"caller":"utils/utils.go:23","msg":"Failed to fetch CDP WebSocket URL, will retry","error":"Get \"http://localhost:9222/json/version\": dial tcp [::1]:9222: connect: connection refused"}
{"level":"warn","ts":1752071854.968979,"caller":"utils/utils.go:23","msg":"Failed to fetch CDP WebSocket URL, will retry","error":"Get \"http://localhost:9222/json/version\": dial tcp [::1]:9222: connect: connection refused"}
{"level":"warn","ts":1752071855.4701335,"caller":"utils/utils.go:23","msg":"Failed to fetch CDP WebSocket URL, will retry","error":"Get \"http://localhost:9222/json/version\": dial tcp [::1]:9222: connect: connection refused"}
{"level":"info","ts":1752071856.0736728,"caller":"watcher/cdp_watcher.go:99","msg":"Watching targets"}
{"level":"info","ts":1752071856.1838078,"caller":"watcher/cdp_watcher.go:117","msg":"Initial target found","targetID":"4E4E607BDCF553C8CF6918B53A88F8F4"}
{"level":"info","ts":1752071856.185947,"caller":"watcher/cdp_watcher.go:143","msg":"Target info changed","targetID":"4E4E607BDCF553C8CF6918B53A88F8F4"}
{"level":"info","ts":1752071858.1855278,"caller":"cmd/run.go:65","msg":"Put is not allowed"}
{"level":"info","ts":1752072671.4360619,"caller":"watcher/cdp_watcher.go:131","msg":"Target created","targetID":"6F37A46488055A39A3529D4F4D99C3B0"}
{"level":"info","ts":1752072671.4407868,"caller":"watcher/cdp_watcher.go:143","msg":"Target info changed","targetID":"6F37A46488055A39A3529D4F4D99C3B0"}
{"level":"info","ts":1752072671.4527686,"caller":"watcher/cdp_watcher.go:143","msg":"Target info changed","targetID":"6F37A46488055A39A3529D4F4D99C3B0"}
2025/07/09 10:51:11 ERROR: received DOM.documentUpdated when there's no top-level frame
2025/07/09 10:51:11 ERROR: received DOM.documentUpdated when there's no top-level frame
2025/07/09 10:51:11 ERROR: received DOM.documentUpdated when there's no top-level frame
{"level":"info","ts":1752072673.1331985,"caller":"cmd/run.go:65","msg":"Put is not allowed"}
{"level":"info","ts":1752072678.1386132,"caller":"cmd/run.go:65","msg":"Put is not allowed"}
{"level":"info","ts":1752072679.1396224,"caller":"cmd/run.go:65","msg":"Put is not allowed"}
{"level":"info","ts":1752072679.253278,"caller":"watcher/cdp_watcher.go:143","msg":"Target info changed","targetID":"6F37A46488055A39A3529D4F4D99C3B0"}
{"level":"info","ts":1752072679.7781844,"caller":"watcher/cdp_watcher.go:143","msg":"Target info changed","targetID":"6F37A46488055A39A3529D4F4D99C3B0"}
{"level":"info","ts":1752072680.1411128,"caller":"cmd/run.go:65","msg":"Put is not allowed"}
{"level":"info","ts":1752072681.203042,"caller":"cmd/run.go:65","msg":"Put is not allowed"}
{"level":"info","ts":1752072682.1445866,"caller":"cmd/run.go:65","msg":"Put is not allowed"}
{"level":"info","ts":1752072682.7115898,"caller":"cmd/run.go:65","msg":"Put is not allowed"}
